<?xml version="1.0" encoding="UTF-8"?>
<!-- Generated by org.testng.reporters.JUnitReportReporter -->
<testsuite skipped="0" hostname="PD14768-2.local" name="Runners.Run" tests="3" failures="0" timestamp="2022-02-27T11:24:32 GMT" time="39.446" errors="0">
  <testcase name="runScenario" time="10.284" classname="Runners.Run"/>
  <system-out/>
  <testcase name="runScenario" time="15.673" classname="Runners.Run"/>
  <system-out/>
  <testcase name="runScenario" time="13.489" classname="Runners.Run"/>
  <system-out/>
</testsuite> <!-- Runners.Run -->
